<?xml version="1.0" encoding="UTF-8"?>
<testng-results ignored="0" total="2" passed="2" failed="0" skipped="0">
  <reporter-output>
  </reporter-output>
  <suite started-at="2022-07-15T22:06:02 IST" name="nopCommerce" finished-at="2022-07-15T22:08:46 IST" duration-ms="163394">
    <groups>
    </groups>
    <test started-at="2022-07-15T22:06:02 IST" name="Test1" finished-at="2022-07-15T22:08:46 IST" duration-ms="163394">
      <class name="com.nopCommerce.testcases.TC_LoginTest_001">
        <test-method is-config="true" signature="setup(java.lang.String)[pri:0, instance:com.nopCommerce.testcases.TC_LoginTest_001@6356695f]" started-at="2022-07-15T22:06:03 IST" name="setup" finished-at="2022-07-15T22:06:07 IST" duration-ms="3804" status="PASS">
          <params>
            <param index="0">
              <value>
                <![CDATA[chrome]]>
              </value>
            </param>
          </params>
          <reporter-output>
          </reporter-output>
        </test-method> <!-- setup -->
        <test-method signature="loginTest()[pri:0, instance:com.nopCommerce.testcases.TC_LoginTest_001@6356695f]" started-at="2022-07-15T22:06:07 IST" name="loginTest" finished-at="2022-07-15T22:07:13 IST" duration-ms="66237" status="PASS">
          <reporter-output>
          </reporter-output>
        </test-method> <!-- loginTest -->
        <test-method is-config="true" signature="tearDown()[pri:0, instance:com.nopCommerce.testcases.TC_LoginTest_001@6356695f]" started-at="2022-07-15T22:07:13 IST" name="tearDown" finished-at="2022-07-15T22:07:14 IST" duration-ms="978" status="PASS">
          <reporter-output>
          </reporter-output>
        </test-method> <!-- tearDown -->
      </class> <!-- com.nopCommerce.testcases.TC_LoginTest_001 -->
      <class name="com.nopCommerce.testcases.TC_Addcustomertest_003">
        <test-method is-config="true" signature="setup(java.lang.String)[pri:0, instance:com.nopCommerce.testcases.TC_Addcustomertest_003@4fb61f4a]" started-at="2022-07-15T22:07:14 IST" name="setup" finished-at="2022-07-15T22:07:15 IST" duration-ms="1384" status="PASS">
          <params>
            <param index="0">
              <value>
                <![CDATA[chrome]]>
              </value>
            </param>
          </params>
          <reporter-output>
          </reporter-output>
        </test-method> <!-- setup -->
        <test-method signature="addNewCustomer()[pri:0, instance:com.nopCommerce.testcases.TC_Addcustomertest_003@4fb61f4a]" started-at="2022-07-15T22:07:15 IST" name="addNewCustomer" finished-at="2022-07-15T22:08:45 IST" duration-ms="89659" status="PASS">
          <reporter-output>
          </reporter-output>
        </test-method> <!-- addNewCustomer -->
        <test-method is-config="true" signature="tearDown()[pri:0, instance:com.nopCommerce.testcases.TC_Addcustomertest_003@4fb61f4a]" started-at="2022-07-15T22:08:45 IST" name="tearDown" finished-at="2022-07-15T22:08:46 IST" duration-ms="881" status="PASS">
          <reporter-output>
          </reporter-output>
        </test-method> <!-- tearDown -->
      </class> <!-- com.nopCommerce.testcases.TC_Addcustomertest_003 -->
    </test> <!-- Test1 -->
  </suite> <!-- nopCommerce -->
</testng-results>
