<?xml version="1.0" encoding="UTF-8"?>
<testsuite xmlns:xsi="http://www.w3.org/2001/XMLSchema-instance" xsi:noNamespaceSchemaLocation="https://maven.apache.org/surefire/maven-surefire-plugin/xsd/surefire-test-report-3.0.xsd" version="3.0" name="TestSuite" time="164.217" tests="2" errors="0" skipped="0" failures="0">
  <properties>
[...]
</properties>
  <testcase name="loginTest" classname="com.nopCommerce.testcases.TC_LoginTest_001" time="66.249">
    <system-out><![CDATA[ INFO [main] (TC_LoginTest_001.java:15)- Ecommerce URL is Opened....
 INFO [main] (TC_LoginTest_001.java:18)- Username Entered
 INFO [main] (TC_LoginTest_001.java:20)- Password Entered
 INFO [main] (TC_LoginTest_001.java:22)- Login Button is clicked....
 INFO [main] (TC_LoginTest_001.java:28)- User Logged out....
]]></system-out>
    <system-err><![CDATA[SLF4J: Failed to load class "org.slf4j.impl.StaticLoggerBinder".
SLF4J: Defaulting to no-operation (NOP) logger implementation
SLF4J: See http://www.slf4j.org/codes.html#StaticLoggerBinder for further details.
ERROR StatusLogger Log4j2 could not find a logging implementation. Please add log4j-core to the classpath. Using SimpleLogger to log to the console...
Starting ChromeDriver 103.0.5060.53 (a1711811edd74ff1cf2150f36ffa3b0dae40b17f-refs/branch-heads/5060@{#853}) on port 57268
Only local connections are allowed.
Please see https://chromedriver.chromium.org/security-considerations for suggestions on keeping ChromeDriver safe.
ChromeDriver was started successfully.
Jul 15, 2022 10:06:06 PM org.openqa.selenium.remote.ProtocolHandshake createSession
INFO: Detected upstream dialect: W3C
Jul 15, 2022 10:06:06 PM org.openqa.selenium.devtools.CdpVersionFinder findNearestMatch
INFO: Found exact CDP implementation for version 103
]]></system-err>
  </testcase>
  <testcase name="addNewCustomer" classname="com.nopCommerce.testcases.TC_Addcustomertest_003" time="89.658">
    <system-out><![CDATA[ INFO [main] (TC_Addcustomertest_003.java:20)- username is provided
 INFO [main] (TC_Addcustomertest_003.java:22)- password is provided
 INFO [main] (TC_Addcustomertest_003.java:32)- Providing email
 INFO [main] (TC_Addcustomertest_003.java:34)- Providing password
 INFO [main] (TC_Addcustomertest_003.java:40)- Providing Customer roles
 INFO [main] (TC_Addcustomertest_003.java:42)- Selecting vendor
 INFO [main] (TC_Addcustomertest_003.java:44)- Selecting gender
 INFO [main] (TC_Addcustomertest_003.java:46)- Providing first name and last name
 INFO [main] (TC_Addcustomertest_003.java:49)- Providing dob
 INFO [main] (TC_Addcustomertest_003.java:51)- Providing company name and admin content
 INFO [main] (TC_Addcustomertest_003.java:54)- clicking on save
 INFO [main] (TC_Addcustomertest_003.java:57)- validation started....
 INFO [main] (TC_Addcustomertest_003.java:67)- test case passed....
]]></system-out>
    <system-err><![CDATA[Starting ChromeDriver 103.0.5060.53 (a1711811edd74ff1cf2150f36ffa3b0dae40b17f-refs/branch-heads/5060@{#853}) on port 55067
Only local connections are allowed.
Please see https://chromedriver.chromium.org/security-considerations for suggestions on keeping ChromeDriver safe.
ChromeDriver was started successfully.
Jul 15, 2022 10:07:15 PM org.openqa.selenium.remote.ProtocolHandshake createSession
INFO: Detected upstream dialect: W3C
Jul 15, 2022 10:07:15 PM org.openqa.selenium.devtools.CdpVersionFinder findNearestMatch
INFO: Found exact CDP implementation for version 103
]]></system-err>
  </testcase>
</testsuite>